<?xml version="1.0" encoding="UTF-8"?>
<!-- Generated by org.testng.reporters.JUnitReportReporter -->
<testsuite skipped="0" hostname="MININT-609DME9" name="TestNGDemo" tests="1" failures="0" timestamp="17 Dec 2018 21:00:36 GMT" time="0.010" errors="0">
  <testcase name="f" time="0.010" classname="TestNGDemo"/>
</testsuite> <!-- TestNGDemo -->
